{"D:\\Projects\\tutorial\\Tech skills\\nodejs-homework-my-rest-api\\app.js": {"path":"D:\\Projects\\tutorial\\Tech skills\\nodejs-homework-my-rest-api\\app.js","statementMap":{"0":{"start":{"line":1,"column":16},"end":{"line":1,"column":34}},"1":{"start":{"line":2,"column":15},"end":{"line":2,"column":32}},"2":{"start":{"line":3,"column":13},"end":{"line":3,"column":28}},"3":{"start":{"line":4,"column":15},"end":{"line":4,"column":32}},"4":{"start":{"line":5,"column":18},"end":{"line":5,"column":47}},"5":{"start":{"line":6,"column":19},"end":{"line":6,"column":51}},"6":{"start":{"line":7,"column":13},"end":{"line":7,"column":28}},"7":{"start":{"line":8,"column":0},"end":{"line":8,"column":27}},"8":{"start":{"line":9,"column":24},"end":{"line":9,"column":51}},"9":{"start":{"line":11,"column":33},"end":{"line":11,"column":63}},"10":{"start":{"line":13,"column":12},"end":{"line":13,"column":21}},"11":{"start":{"line":15,"column":22},"end":{"line":15,"column":72}},"12":{"start":{"line":17,"column":0},"end":{"line":17,"column":18}},"13":{"start":{"line":18,"column":0},"end":{"line":18,"column":63}},"14":{"start":{"line":19,"column":0},"end":{"line":19,"column":60}},"15":{"start":{"line":20,"column":0},"end":{"line":20,"column":16}},"16":{"start":{"line":21,"column":0},"end":{"line":21,"column":40}},"17":{"start":{"line":22,"column":0},"end":{"line":22,"column":22}},"18":{"start":{"line":24,"column":0},"end":{"line":24,"column":40}},"19":{"start":{"line":26,"column":0},"end":{"line":26,"column":43}},"20":{"start":{"line":28,"column":0},"end":{"line":32,"column":3}},"21":{"start":{"line":29,"column":2},"end":{"line":31,"column":78}},"22":{"start":{"line":34,"column":0},"end":{"line":41,"column":3}},"23":{"start":{"line":35,"column":21},"end":{"line":35,"column":65}},"24":{"start":{"line":36,"column":2},"end":{"line":40,"column":5}},"25":{"start":{"line":43,"column":0},"end":{"line":45,"column":3}},"26":{"start":{"line":44,"column":2},"end":{"line":44,"column":69}},"27":{"start":{"line":47,"column":0},"end":{"line":47,"column":21}}},"fnMap":{"0":{"name":"(anonymous_0)","decl":{"start":{"line":28,"column":8},"end":{"line":28,"column":9}},"loc":{"start":{"line":28,"column":22},"end":{"line":32,"column":1}},"line":28},"1":{"name":"(anonymous_1)","decl":{"start":{"line":34,"column":8},"end":{"line":34,"column":9}},"loc":{"start":{"line":34,"column":33},"end":{"line":41,"column":1}},"line":34},"2":{"name":"(anonymous_2)","decl":{"start":{"line":43,"column":33},"end":{"line":43,"column":34}},"loc":{"start":{"line":43,"column":54},"end":{"line":45,"column":1}},"line":43}},"branchMap":{"0":{"loc":{"start":{"line":15,"column":22},"end":{"line":15,"column":72}},"type":"cond-expr","locations":[{"start":{"line":15,"column":57},"end":{"line":15,"column":62}},{"start":{"line":15,"column":65},"end":{"line":15,"column":72}}],"line":15},"1":{"loc":{"start":{"line":19,"column":0},"end":{"line":19,"column":59}},"type":"binary-expr","locations":[{"start":{"line":19,"column":0},"end":{"line":19,"column":25}},{"start":{"line":19,"column":29},"end":{"line":19,"column":59}}],"line":19},"2":{"loc":{"start":{"line":35,"column":21},"end":{"line":35,"column":65}},"type":"binary-expr","locations":[{"start":{"line":35,"column":21},"end":{"line":35,"column":31}},{"start":{"line":35,"column":35},"end":{"line":35,"column":65}}],"line":35},"3":{"loc":{"start":{"line":37,"column":12},"end":{"line":37,"column":76}},"type":"cond-expr","locations":[{"start":{"line":37,"column":60},"end":{"line":37,"column":66}},{"start":{"line":37,"column":69},"end":{"line":37,"column":76}}],"line":37}},"s":{"0":1,"1":1,"2":1,"3":1,"4":1,"5":1,"6":1,"7":1,"8":1,"9":1,"10":1,"11":1,"12":1,"13":1,"14":1,"15":1,"16":1,"17":1,"18":1,"19":1,"20":1,"21":0,"22":1,"23":0,"24":0,"25":1,"26":0,"27":1},"f":{"0":0,"1":0,"2":0},"b":{"0":[0,1],"1":[1,1],"2":[0,0],"3":[0,0]},"_coverageSchema":"1a1c01bbd47fc00a2c39e90264f33305004495a9","hash":"c1ed90ed2ae076a7ee9e143b7c3f19c2909c6539"}
,"D:\\Projects\\tutorial\\Tech skills\\nodejs-homework-my-rest-api\\config\\passport.js": {"path":"D:\\Projects\\tutorial\\Tech skills\\nodejs-homework-my-rest-api\\config\\passport.js","statementMap":{"0":{"start":{"line":1,"column":17},"end":{"line":1,"column":36}},"1":{"start":{"line":2,"column":46},"end":{"line":2,"column":69}},"2":{"start":{"line":3,"column":0},"end":{"line":3,"column":27}},"3":{"start":{"line":4,"column":14},"end":{"line":4,"column":46}},"4":{"start":{"line":6,"column":19},"end":{"line":6,"column":41}},"5":{"start":{"line":8,"column":13},"end":{"line":8,"column":15}},"6":{"start":{"line":9,"column":0},"end":{"line":9,"column":63}},"7":{"start":{"line":10,"column":0},"end":{"line":10,"column":30}},"8":{"start":{"line":12,"column":0},"end":{"line":27,"column":2}},"9":{"start":{"line":14,"column":4},"end":{"line":25,"column":5}},"10":{"start":{"line":15,"column":19},"end":{"line":15,"column":55}},"11":{"start":{"line":16,"column":6},"end":{"line":18,"column":7}},"12":{"start":{"line":17,"column":8},"end":{"line":17,"column":49}},"13":{"start":{"line":19,"column":6},"end":{"line":21,"column":7}},"14":{"start":{"line":20,"column":8},"end":{"line":20,"column":33}},"15":{"start":{"line":22,"column":6},"end":{"line":22,"column":30}},"16":{"start":{"line":24,"column":6},"end":{"line":24,"column":23}}},"fnMap":{"0":{"name":"(anonymous_0)","decl":{"start":{"line":13,"column":24},"end":{"line":13,"column":25}},"loc":{"start":{"line":13,"column":49},"end":{"line":26,"column":3}},"line":13}},"branchMap":{"0":{"loc":{"start":{"line":16,"column":6},"end":{"line":18,"column":7}},"type":"if","locations":[{"start":{"line":16,"column":6},"end":{"line":18,"column":7}},{"start":{"line":16,"column":6},"end":{"line":18,"column":7}}],"line":16},"1":{"loc":{"start":{"line":19,"column":6},"end":{"line":21,"column":7}},"type":"if","locations":[{"start":{"line":19,"column":6},"end":{"line":21,"column":7}},{"start":{"line":19,"column":6},"end":{"line":21,"column":7}}],"line":19}},"s":{"0":2,"1":2,"2":2,"3":2,"4":2,"5":2,"6":2,"7":2,"8":2,"9":4,"10":4,"11":4,"12":0,"13":4,"14":0,"15":4,"16":0},"f":{"0":4},"b":{"0":[0,4],"1":[0,4]},"_coverageSchema":"1a1c01bbd47fc00a2c39e90264f33305004495a9","hash":"69cb5cb0a54d4fc11dca4a056e1cb53af1581b7c"}
,"D:\\Projects\\tutorial\\Tech skills\\nodejs-homework-my-rest-api\\controllers\\contacts.js": {"path":"D:\\Projects\\tutorial\\Tech skills\\nodejs-homework-my-rest-api\\controllers\\contacts.js","statementMap":{"0":{"start":{"line":1,"column":17},"end":{"line":1,"column":52}},"1":{"start":{"line":3,"column":15},"end":{"line":18,"column":1}},"2":{"start":{"line":4,"column":2},"end":{"line":17,"column":3}},"3":{"start":{"line":5,"column":19},"end":{"line":5,"column":30}},"4":{"start":{"line":6,"column":40},"end":{"line":9,"column":5}},"5":{"start":{"line":10,"column":4},"end":{"line":14,"column":7}},"6":{"start":{"line":16,"column":4},"end":{"line":16,"column":12}},"7":{"start":{"line":20,"column":23},"end":{"line":33,"column":1}},"8":{"start":{"line":21,"column":2},"end":{"line":32,"column":3}},"9":{"start":{"line":22,"column":19},"end":{"line":22,"column":30}},"10":{"start":{"line":23,"column":19},"end":{"line":23,"column":78}},"11":{"start":{"line":24,"column":4},"end":{"line":26,"column":5}},"12":{"start":{"line":25,"column":6},"end":{"line":25,"column":74}},"13":{"start":{"line":27,"column":4},"end":{"line":29,"column":66}},"14":{"start":{"line":31,"column":4},"end":{"line":31,"column":12}},"15":{"start":{"line":35,"column":19},"end":{"line":45,"column":1}},"16":{"start":{"line":36,"column":2},"end":{"line":44,"column":3}},"17":{"start":{"line":37,"column":19},"end":{"line":37,"column":30}},"18":{"start":{"line":38,"column":20},"end":{"line":38,"column":63}},"19":{"start":{"line":39,"column":4},"end":{"line":41,"column":65}},"20":{"start":{"line":43,"column":4},"end":{"line":43,"column":12}},"21":{"start":{"line":47,"column":22},"end":{"line":63,"column":1}},"22":{"start":{"line":48,"column":2},"end":{"line":62,"column":3}},"23":{"start":{"line":49,"column":19},"end":{"line":49,"column":30}},"24":{"start":{"line":50,"column":19},"end":{"line":50,"column":77}},"25":{"start":{"line":51,"column":4},"end":{"line":58,"column":5}},"26":{"start":{"line":52,"column":6},"end":{"line":57,"column":9}},"27":{"start":{"line":59,"column":4},"end":{"line":59,"column":74}},"28":{"start":{"line":61,"column":4},"end":{"line":61,"column":12}},"29":{"start":{"line":65,"column":22},"end":{"line":86,"column":1}},"30":{"start":{"line":66,"column":2},"end":{"line":85,"column":3}},"31":{"start":{"line":67,"column":19},"end":{"line":67,"column":30}},"32":{"start":{"line":68,"column":20},"end":{"line":72,"column":5}},"33":{"start":{"line":73,"column":4},"end":{"line":79,"column":5}},"34":{"start":{"line":74,"column":6},"end":{"line":78,"column":9}},"35":{"start":{"line":80,"column":4},"end":{"line":82,"column":66}},"36":{"start":{"line":84,"column":4},"end":{"line":84,"column":12}},"37":{"start":{"line":88,"column":0},"end":{"line":94,"column":2}}},"fnMap":{"0":{"name":"(anonymous_0)","decl":{"start":{"line":3,"column":15},"end":{"line":3,"column":16}},"loc":{"start":{"line":3,"column":41},"end":{"line":18,"column":1}},"line":3},"1":{"name":"(anonymous_1)","decl":{"start":{"line":20,"column":23},"end":{"line":20,"column":24}},"loc":{"start":{"line":20,"column":49},"end":{"line":33,"column":1}},"line":20},"2":{"name":"(anonymous_2)","decl":{"start":{"line":35,"column":19},"end":{"line":35,"column":20}},"loc":{"start":{"line":35,"column":45},"end":{"line":45,"column":1}},"line":35},"3":{"name":"(anonymous_3)","decl":{"start":{"line":47,"column":22},"end":{"line":47,"column":23}},"loc":{"start":{"line":47,"column":48},"end":{"line":63,"column":1}},"line":47},"4":{"name":"(anonymous_4)","decl":{"start":{"line":65,"column":22},"end":{"line":65,"column":23}},"loc":{"start":{"line":65,"column":48},"end":{"line":86,"column":1}},"line":65}},"branchMap":{"0":{"loc":{"start":{"line":24,"column":4},"end":{"line":26,"column":5}},"type":"if","locations":[{"start":{"line":24,"column":4},"end":{"line":26,"column":5}},{"start":{"line":24,"column":4},"end":{"line":26,"column":5}}],"line":24},"1":{"loc":{"start":{"line":51,"column":4},"end":{"line":58,"column":5}},"type":"if","locations":[{"start":{"line":51,"column":4},"end":{"line":58,"column":5}},{"start":{"line":51,"column":4},"end":{"line":58,"column":5}}],"line":51},"2":{"loc":{"start":{"line":73,"column":4},"end":{"line":79,"column":5}},"type":"if","locations":[{"start":{"line":73,"column":4},"end":{"line":79,"column":5}},{"start":{"line":73,"column":4},"end":{"line":79,"column":5}}],"line":73}},"s":{"0":2,"1":2,"2":1,"3":1,"4":1,"5":1,"6":0,"7":2,"8":2,"9":2,"10":2,"11":2,"12":1,"13":1,"14":0,"15":2,"16":1,"17":1,"18":1,"19":1,"20":0,"21":2,"22":0,"23":0,"24":0,"25":0,"26":0,"27":0,"28":0,"29":2,"30":3,"31":3,"32":3,"33":2,"34":1,"35":1,"36":1,"37":2},"f":{"0":1,"1":2,"2":1,"3":0,"4":3},"b":{"0":[1,1],"1":[0,0],"2":[1,1]},"_coverageSchema":"1a1c01bbd47fc00a2c39e90264f33305004495a9","hash":"08df89db8266a35b0d71d7f591f6603940d3002a"}
,"D:\\Projects\\tutorial\\Tech skills\\nodejs-homework-my-rest-api\\controllers\\users.js": {"path":"D:\\Projects\\tutorial\\Tech skills\\nodejs-homework-my-rest-api\\controllers\\users.js","statementMap":{"0":{"start":{"line":1,"column":14},"end":{"line":1,"column":46}},"1":{"start":{"line":2,"column":21},"end":{"line":2,"column":52}},"2":{"start":{"line":3,"column":12},"end":{"line":3,"column":35}},"3":{"start":{"line":4,"column":11},"end":{"line":4,"column":33}},"4":{"start":{"line":6,"column":0},"end":{"line":6,"column":27}},"5":{"start":{"line":8,"column":28},"end":{"line":8,"column":63}},"6":{"start":{"line":10,"column":19},"end":{"line":10,"column":41}},"7":{"start":{"line":12,"column":15},"end":{"line":35,"column":1}},"8":{"start":{"line":13,"column":2},"end":{"line":34,"column":3}},"9":{"start":{"line":14,"column":19},"end":{"line":14,"column":62}},"10":{"start":{"line":15,"column":4},"end":{"line":21,"column":5}},"11":{"start":{"line":16,"column":6},"end":{"line":20,"column":9}},"12":{"start":{"line":22,"column":48},"end":{"line":24,"column":5}},"13":{"start":{"line":26,"column":4},"end":{"line":30,"column":7}},"14":{"start":{"line":32,"column":4},"end":{"line":32,"column":19}},"15":{"start":{"line":33,"column":4},"end":{"line":33,"column":12}},"16":{"start":{"line":37,"column":14},"end":{"line":59,"column":1}},"17":{"start":{"line":38,"column":2},"end":{"line":58,"column":3}},"18":{"start":{"line":39,"column":19},"end":{"line":39,"column":62}},"19":{"start":{"line":40,"column":28},"end":{"line":40,"column":76}},"20":{"start":{"line":41,"column":4},"end":{"line":48,"column":5}},"21":{"start":{"line":42,"column":6},"end":{"line":42,"column":35}},"22":{"start":{"line":43,"column":6},"end":{"line":47,"column":9}},"23":{"start":{"line":50,"column":15},"end":{"line":50,"column":24}},"24":{"start":{"line":51,"column":20},"end":{"line":51,"column":43}},"25":{"start":{"line":52,"column":18},"end":{"line":52,"column":68}},"26":{"start":{"line":54,"column":4},"end":{"line":54,"column":39}},"27":{"start":{"line":55,"column":4},"end":{"line":55,"column":79}},"28":{"start":{"line":57,"column":4},"end":{"line":57,"column":12}},"29":{"start":{"line":61,"column":15},"end":{"line":69,"column":1}},"30":{"start":{"line":62,"column":2},"end":{"line":68,"column":3}},"31":{"start":{"line":63,"column":15},"end":{"line":63,"column":26}},"32":{"start":{"line":64,"column":4},"end":{"line":64,"column":38}},"33":{"start":{"line":65,"column":4},"end":{"line":65,"column":52}},"34":{"start":{"line":67,"column":4},"end":{"line":67,"column":12}},"35":{"start":{"line":71,"column":16},"end":{"line":93,"column":1}},"36":{"start":{"line":72,"column":2},"end":{"line":92,"column":3}},"37":{"start":{"line":73,"column":4},"end":{"line":73,"column":21}},"38":{"start":{"line":74,"column":4},"end":{"line":80,"column":5}},"39":{"start":{"line":75,"column":6},"end":{"line":79,"column":9}},"40":{"start":{"line":82,"column":36},"end":{"line":82,"column":44}},"41":{"start":{"line":84,"column":4},"end":{"line":88,"column":7}},"42":{"start":{"line":90,"column":4},"end":{"line":90,"column":19}},"43":{"start":{"line":91,"column":4},"end":{"line":91,"column":12}},"44":{"start":{"line":118,"column":16},"end":{"line":134,"column":1}},"45":{"start":{"line":119,"column":2},"end":{"line":133,"column":3}},"46":{"start":{"line":120,"column":15},"end":{"line":120,"column":26}},"47":{"start":{"line":121,"column":20},"end":{"line":121,"column":45}},"48":{"start":{"line":122,"column":41},"end":{"line":125,"column":5}},"49":{"start":{"line":127,"column":4},"end":{"line":127,"column":35}},"50":{"start":{"line":129,"column":4},"end":{"line":129,"column":59}},"51":{"start":{"line":130,"column":4},"end":{"line":130,"column":76}},"52":{"start":{"line":132,"column":4},"end":{"line":132,"column":16}},"53":{"start":{"line":136,"column":0},"end":{"line":136,"column":61}}},"fnMap":{"0":{"name":"(anonymous_0)","decl":{"start":{"line":12,"column":15},"end":{"line":12,"column":16}},"loc":{"start":{"line":12,"column":41},"end":{"line":35,"column":1}},"line":12},"1":{"name":"(anonymous_1)","decl":{"start":{"line":37,"column":14},"end":{"line":37,"column":15}},"loc":{"start":{"line":37,"column":40},"end":{"line":59,"column":1}},"line":37},"2":{"name":"(anonymous_2)","decl":{"start":{"line":61,"column":15},"end":{"line":61,"column":16}},"loc":{"start":{"line":61,"column":41},"end":{"line":69,"column":1}},"line":61},"3":{"name":"(anonymous_3)","decl":{"start":{"line":71,"column":16},"end":{"line":71,"column":17}},"loc":{"start":{"line":71,"column":42},"end":{"line":93,"column":1}},"line":71},"4":{"name":"(anonymous_4)","decl":{"start":{"line":118,"column":16},"end":{"line":118,"column":17}},"loc":{"start":{"line":118,"column":42},"end":{"line":134,"column":1}},"line":118}},"branchMap":{"0":{"loc":{"start":{"line":15,"column":4},"end":{"line":21,"column":5}},"type":"if","locations":[{"start":{"line":15,"column":4},"end":{"line":21,"column":5}},{"start":{"line":15,"column":4},"end":{"line":21,"column":5}}],"line":15},"1":{"loc":{"start":{"line":41,"column":4},"end":{"line":48,"column":5}},"type":"if","locations":[{"start":{"line":41,"column":4},"end":{"line":48,"column":5}},{"start":{"line":41,"column":4},"end":{"line":48,"column":5}}],"line":41},"2":{"loc":{"start":{"line":41,"column":8},"end":{"line":41,"column":35}},"type":"binary-expr","locations":[{"start":{"line":41,"column":8},"end":{"line":41,"column":15}},{"start":{"line":41,"column":19},"end":{"line":41,"column":35}}],"line":41},"3":{"loc":{"start":{"line":74,"column":4},"end":{"line":80,"column":5}},"type":"if","locations":[{"start":{"line":74,"column":4},"end":{"line":80,"column":5}},{"start":{"line":74,"column":4},"end":{"line":80,"column":5}}],"line":74}},"s":{"0":1,"1":1,"2":1,"3":1,"4":1,"5":1,"6":1,"7":1,"8":0,"9":0,"10":0,"11":0,"12":0,"13":0,"14":0,"15":0,"16":1,"17":0,"18":0,"19":0,"20":0,"21":0,"22":0,"23":0,"24":0,"25":0,"26":0,"27":0,"28":0,"29":1,"30":0,"31":0,"32":0,"33":0,"34":0,"35":1,"36":0,"37":0,"38":0,"39":0,"40":0,"41":0,"42":0,"43":0,"44":1,"45":0,"46":0,"47":0,"48":0,"49":0,"50":0,"51":0,"52":0,"53":1},"f":{"0":0,"1":0,"2":0,"3":0,"4":0},"b":{"0":[0,0],"1":[0,0],"2":[0,0],"3":[0,0]},"_coverageSchema":"1a1c01bbd47fc00a2c39e90264f33305004495a9","hash":"aeda1152a8f41099d2f54ac7a985fec9df4b6566"}
,"D:\\Projects\\tutorial\\Tech skills\\nodejs-homework-my-rest-api\\helpers\\constants.js": {"path":"D:\\Projects\\tutorial\\Tech skills\\nodejs-homework-my-rest-api\\helpers\\constants.js","statementMap":{"0":{"start":{"line":1,"column":21},"end":{"line":5,"column":1}},"1":{"start":{"line":7,"column":17},"end":{"line":18,"column":1}},"2":{"start":{"line":20,"column":19},"end":{"line":30,"column":1}},"3":{"start":{"line":24,"column":4},"end":{"line":28,"column":7}},"4":{"start":{"line":32,"column":0},"end":{"line":32,"column":56}}},"fnMap":{"0":{"name":"(anonymous_0)","decl":{"start":{"line":23,"column":11},"end":{"line":23,"column":12}},"loc":{"start":{"line":23,"column":31},"end":{"line":29,"column":3}},"line":23}},"branchMap":{},"s":{"0":2,"1":2,"2":2,"3":0,"4":2},"f":{"0":0},"b":{},"_coverageSchema":"1a1c01bbd47fc00a2c39e90264f33305004495a9","hash":"d773dd82d284dbc491e4485d0fd8b46d8c43b40a"}
,"D:\\Projects\\tutorial\\Tech skills\\nodejs-homework-my-rest-api\\helpers\\guard.js": {"path":"D:\\Projects\\tutorial\\Tech skills\\nodejs-homework-my-rest-api\\helpers\\guard.js","statementMap":{"0":{"start":{"line":1,"column":17},"end":{"line":1,"column":36}},"1":{"start":{"line":2,"column":0},"end":{"line":2,"column":30}},"2":{"start":{"line":3,"column":21},"end":{"line":3,"column":43}},"3":{"start":{"line":5,"column":14},"end":{"line":22,"column":1}},"4":{"start":{"line":6,"column":2},"end":{"line":21,"column":21}},"5":{"start":{"line":7,"column":23},"end":{"line":7,"column":47}},"6":{"start":{"line":8,"column":16},"end":{"line":8,"column":20}},"7":{"start":{"line":9,"column":4},"end":{"line":11,"column":5}},"8":{"start":{"line":10,"column":6},"end":{"line":10,"column":39}},"9":{"start":{"line":12,"column":4},"end":{"line":18,"column":5}},"10":{"start":{"line":13,"column":6},"end":{"line":17,"column":9}},"11":{"start":{"line":19,"column":4},"end":{"line":19,"column":20}},"12":{"start":{"line":20,"column":4},"end":{"line":20,"column":18}},"13":{"start":{"line":24,"column":0},"end":{"line":24,"column":23}}},"fnMap":{"0":{"name":"(anonymous_0)","decl":{"start":{"line":5,"column":14},"end":{"line":5,"column":15}},"loc":{"start":{"line":5,"column":34},"end":{"line":22,"column":1}},"line":5},"1":{"name":"(anonymous_1)","decl":{"start":{"line":6,"column":51},"end":{"line":6,"column":52}},"loc":{"start":{"line":6,"column":66},"end":{"line":21,"column":3}},"line":6}},"branchMap":{"0":{"loc":{"start":{"line":9,"column":4},"end":{"line":11,"column":5}},"type":"if","locations":[{"start":{"line":9,"column":4},"end":{"line":11,"column":5}},{"start":{"line":9,"column":4},"end":{"line":11,"column":5}}],"line":9},"1":{"loc":{"start":{"line":12,"column":4},"end":{"line":18,"column":5}},"type":"if","locations":[{"start":{"line":12,"column":4},"end":{"line":18,"column":5}},{"start":{"line":12,"column":4},"end":{"line":18,"column":5}}],"line":12},"2":{"loc":{"start":{"line":12,"column":8},"end":{"line":12,"column":45}},"type":"binary-expr","locations":[{"start":{"line":12,"column":8},"end":{"line":12,"column":11}},{"start":{"line":12,"column":15},"end":{"line":12,"column":20}},{"start":{"line":12,"column":24},"end":{"line":12,"column":45}}],"line":12}},"s":{"0":2,"1":2,"2":2,"3":2,"4":7,"5":7,"6":7,"7":7,"8":7,"9":7,"10":2,"11":5,"12":5,"13":2},"f":{"0":7,"1":7},"b":{"0":[7,0],"1":[2,5],"2":[7,7,6]},"_coverageSchema":"1a1c01bbd47fc00a2c39e90264f33305004495a9","hash":"0ebeada209ac830fd6822cfb2e5480562c15c3a4"}
,"D:\\Projects\\tutorial\\Tech skills\\nodejs-homework-my-rest-api\\helpers\\upload.js": {"path":"D:\\Projects\\tutorial\\Tech skills\\nodejs-homework-my-rest-api\\helpers\\upload.js","statementMap":{"0":{"start":{"line":1,"column":15},"end":{"line":1,"column":32}},"1":{"start":{"line":3,"column":0},"end":{"line":3,"column":27}},"2":{"start":{"line":4,"column":19},"end":{"line":4,"column":41}},"3":{"start":{"line":6,"column":16},"end":{"line":13,"column":2}},"4":{"start":{"line":8,"column":4},"end":{"line":8,"column":25}},"5":{"start":{"line":11,"column":4},"end":{"line":11,"column":62}},"6":{"start":{"line":15,"column":15},"end":{"line":27,"column":2}},"7":{"start":{"line":19,"column":4},"end":{"line":22,"column":5}},"8":{"start":{"line":20,"column":6},"end":{"line":20,"column":21}},"9":{"start":{"line":21,"column":6},"end":{"line":21,"column":13}},"10":{"start":{"line":23,"column":18},"end":{"line":23,"column":59}},"11":{"start":{"line":24,"column":4},"end":{"line":24,"column":23}},"12":{"start":{"line":25,"column":4},"end":{"line":25,"column":14}},"13":{"start":{"line":28,"column":0},"end":{"line":28,"column":24}}},"fnMap":{"0":{"name":"(anonymous_0)","decl":{"start":{"line":7,"column":15},"end":{"line":7,"column":16}},"loc":{"start":{"line":7,"column":40},"end":{"line":9,"column":3}},"line":7},"1":{"name":"(anonymous_1)","decl":{"start":{"line":10,"column":12},"end":{"line":10,"column":13}},"loc":{"start":{"line":10,"column":37},"end":{"line":12,"column":3}},"line":10},"2":{"name":"(anonymous_2)","decl":{"start":{"line":18,"column":14},"end":{"line":18,"column":15}},"loc":{"start":{"line":18,"column":33},"end":{"line":26,"column":3}},"line":18}},"branchMap":{"0":{"loc":{"start":{"line":19,"column":4},"end":{"line":22,"column":5}},"type":"if","locations":[{"start":{"line":19,"column":4},"end":{"line":22,"column":5}},{"start":{"line":19,"column":4},"end":{"line":22,"column":5}}],"line":19}},"s":{"0":1,"1":1,"2":1,"3":1,"4":0,"5":0,"6":1,"7":0,"8":0,"9":0,"10":0,"11":0,"12":0,"13":1},"f":{"0":0,"1":0,"2":0},"b":{"0":[0,0]},"_coverageSchema":"1a1c01bbd47fc00a2c39e90264f33305004495a9","hash":"189b5d2664de56add4b30fbcb550e468a37165e8"}
,"D:\\Projects\\tutorial\\Tech skills\\nodejs-homework-my-rest-api\\model\\contact.js": {"path":"D:\\Projects\\tutorial\\Tech skills\\nodejs-homework-my-rest-api\\model\\contact.js","statementMap":{"0":{"start":{"line":1,"column":39},"end":{"line":1,"column":58}},"1":{"start":{"line":2,"column":25},"end":{"line":2,"column":56}},"2":{"start":{"line":4,"column":22},"end":{"line":37,"column":1}},"3":{"start":{"line":31,"column":8},"end":{"line":31,"column":23}},"4":{"start":{"line":32,"column":8},"end":{"line":32,"column":19}},"5":{"start":{"line":39,"column":0},"end":{"line":41,"column":3}},"6":{"start":{"line":40,"column":2},"end":{"line":40,"column":40}},"7":{"start":{"line":43,"column":0},"end":{"line":43,"column":39}},"8":{"start":{"line":45,"column":16},"end":{"line":45,"column":47}},"9":{"start":{"line":47,"column":0},"end":{"line":47,"column":25}}},"fnMap":{"0":{"name":"(anonymous_0)","decl":{"start":{"line":30,"column":17},"end":{"line":30,"column":18}},"loc":{"start":{"line":30,"column":37},"end":{"line":33,"column":7}},"line":30},"1":{"name":"(anonymous_1)","decl":{"start":{"line":39,"column":34},"end":{"line":39,"column":35}},"loc":{"start":{"line":39,"column":46},"end":{"line":41,"column":1}},"line":39}},"branchMap":{},"s":{"0":2,"1":2,"2":2,"3":2,"4":2,"5":2,"6":2,"7":2,"8":2,"9":2},"f":{"0":2,"1":2},"b":{},"_coverageSchema":"1a1c01bbd47fc00a2c39e90264f33305004495a9","hash":"08a08ed10fdc39dc8876589623fed87e6cf8d9f8"}
,"D:\\Projects\\tutorial\\Tech skills\\nodejs-homework-my-rest-api\\model\\db.js": {"path":"D:\\Projects\\tutorial\\Tech skills\\nodejs-homework-my-rest-api\\model\\db.js","statementMap":{"0":{"start":{"line":1,"column":17},"end":{"line":1,"column":36}},"1":{"start":{"line":2,"column":0},"end":{"line":2,"column":27}},"2":{"start":{"line":4,"column":12},"end":{"line":4,"column":16}},"3":{"start":{"line":6,"column":0},"end":{"line":10,"column":1}},"4":{"start":{"line":7,"column":2},"end":{"line":7,"column":34}},"5":{"start":{"line":9,"column":2},"end":{"line":9,"column":29}},"6":{"start":{"line":12,"column":11},"end":{"line":18,"column":2}},"7":{"start":{"line":20,"column":0},"end":{"line":32,"column":1}},"8":{"start":{"line":21,"column":2},"end":{"line":23,"column":5}},"9":{"start":{"line":22,"column":4},"end":{"line":22,"column":59}},"10":{"start":{"line":25,"column":2},"end":{"line":27,"column":5}},"11":{"start":{"line":26,"column":4},"end":{"line":26,"column":60}},"12":{"start":{"line":29,"column":2},"end":{"line":31,"column":5}},"13":{"start":{"line":30,"column":4},"end":{"line":30,"column":41}},"14":{"start":{"line":34,"column":0},"end":{"line":39,"column":3}},"15":{"start":{"line":35,"column":2},"end":{"line":38,"column":5}},"16":{"start":{"line":36,"column":4},"end":{"line":36,"column":50}},"17":{"start":{"line":37,"column":4},"end":{"line":37,"column":20}},"18":{"start":{"line":41,"column":0},"end":{"line":41,"column":20}}},"fnMap":{"0":{"name":"(anonymous_0)","decl":{"start":{"line":21,"column":38},"end":{"line":21,"column":39}},"loc":{"start":{"line":21,"column":44},"end":{"line":23,"column":3}},"line":21},"1":{"name":"(anonymous_1)","decl":{"start":{"line":25,"column":35},"end":{"line":25,"column":36}},"loc":{"start":{"line":25,"column":43},"end":{"line":27,"column":3}},"line":25},"2":{"name":"(anonymous_2)","decl":{"start":{"line":29,"column":41},"end":{"line":29,"column":42}},"loc":{"start":{"line":29,"column":47},"end":{"line":31,"column":3}},"line":29},"3":{"name":"(anonymous_3)","decl":{"start":{"line":34,"column":21},"end":{"line":34,"column":22}},"loc":{"start":{"line":34,"column":33},"end":{"line":39,"column":1}},"line":34},"4":{"name":"(anonymous_4)","decl":{"start":{"line":35,"column":28},"end":{"line":35,"column":29}},"loc":{"start":{"line":35,"column":34},"end":{"line":38,"column":3}},"line":35}},"branchMap":{"0":{"loc":{"start":{"line":6,"column":0},"end":{"line":10,"column":1}},"type":"if","locations":[{"start":{"line":6,"column":0},"end":{"line":10,"column":1}},{"start":{"line":6,"column":0},"end":{"line":10,"column":1}}],"line":6},"1":{"loc":{"start":{"line":20,"column":0},"end":{"line":32,"column":1}},"type":"if","locations":[{"start":{"line":20,"column":0},"end":{"line":32,"column":1}},{"start":{"line":20,"column":0},"end":{"line":32,"column":1}}],"line":20}},"s":{"0":1,"1":1,"2":1,"3":1,"4":0,"5":1,"6":1,"7":1,"8":1,"9":1,"10":1,"11":0,"12":1,"13":1,"14":1,"15":0,"16":0,"17":0,"18":1},"f":{"0":1,"1":0,"2":1,"3":0,"4":0},"b":{"0":[0,1],"1":[1,0]},"_coverageSchema":"1a1c01bbd47fc00a2c39e90264f33305004495a9","hash":"1f8989fca43cbe71c44b35fbf915c08a1d99444d"}
,"D:\\Projects\\tutorial\\Tech skills\\nodejs-homework-my-rest-api\\model\\user.js": {"path":"D:\\Projects\\tutorial\\Tech skills\\nodejs-homework-my-rest-api\\model\\user.js","statementMap":{"0":{"start":{"line":1,"column":26},"end":{"line":1,"column":45}},"1":{"start":{"line":2,"column":11},"end":{"line":2,"column":30}},"2":{"start":{"line":3,"column":25},"end":{"line":3,"column":56}},"3":{"start":{"line":4,"column":15},"end":{"line":4,"column":34}},"4":{"start":{"line":5,"column":25},"end":{"line":5,"column":26}},"5":{"start":{"line":7,"column":19},"end":{"line":46,"column":1}},"6":{"start":{"line":14,"column":19},"end":{"line":14,"column":34}},"7":{"start":{"line":15,"column":8},"end":{"line":15,"column":52}},"8":{"start":{"line":34,"column":8},"end":{"line":34,"column":54}},"9":{"start":{"line":48,"column":0},"end":{"line":54,"column":3}},"10":{"start":{"line":49,"column":2},"end":{"line":52,"column":3}},"11":{"start":{"line":50,"column":17},"end":{"line":50,"column":55}},"12":{"start":{"line":51,"column":4},"end":{"line":51,"column":59}},"13":{"start":{"line":53,"column":2},"end":{"line":53,"column":9}},"14":{"start":{"line":56,"column":0},"end":{"line":58,"column":2}},"15":{"start":{"line":57,"column":2},"end":{"line":57,"column":55}},"16":{"start":{"line":60,"column":13},"end":{"line":60,"column":38}},"17":{"start":{"line":62,"column":0},"end":{"line":62,"column":22}}},"fnMap":{"0":{"name":"(anonymous_0)","decl":{"start":{"line":13,"column":6},"end":{"line":13,"column":7}},"loc":{"start":{"line":13,"column":22},"end":{"line":16,"column":7}},"line":13},"1":{"name":"(anonymous_1)","decl":{"start":{"line":33,"column":15},"end":{"line":33,"column":16}},"loc":{"start":{"line":33,"column":27},"end":{"line":35,"column":7}},"line":33},"2":{"name":"(anonymous_2)","decl":{"start":{"line":48,"column":23},"end":{"line":48,"column":24}},"loc":{"start":{"line":48,"column":45},"end":{"line":54,"column":1}},"line":48},"3":{"name":"(anonymous_3)","decl":{"start":{"line":56,"column":37},"end":{"line":56,"column":38}},"loc":{"start":{"line":56,"column":63},"end":{"line":58,"column":1}},"line":56}},"branchMap":{"0":{"loc":{"start":{"line":49,"column":2},"end":{"line":52,"column":3}},"type":"if","locations":[{"start":{"line":49,"column":2},"end":{"line":52,"column":3}},{"start":{"line":49,"column":2},"end":{"line":52,"column":3}}],"line":49}},"s":{"0":2,"1":2,"2":2,"3":2,"4":2,"5":2,"6":1,"7":1,"8":0,"9":2,"10":1,"11":1,"12":1,"13":1,"14":2,"15":0,"16":2,"17":2},"f":{"0":1,"1":0,"2":1,"3":0},"b":{"0":[1,0]},"_coverageSchema":"1a1c01bbd47fc00a2c39e90264f33305004495a9","hash":"0414df3fe5470329ead3bbf7138b703c95539474"}
,"D:\\Projects\\tutorial\\Tech skills\\nodejs-homework-my-rest-api\\repositories\\contacts.js": {"path":"D:\\Projects\\tutorial\\Tech skills\\nodejs-homework-my-rest-api\\repositories\\contacts.js","statementMap":{"0":{"start":{"line":1,"column":16},"end":{"line":1,"column":43}},"1":{"start":{"line":3,"column":21},"end":{"line":33,"column":1}},"2":{"start":{"line":15,"column":6},"end":{"line":15,"column":11}},"3":{"start":{"line":16,"column":24},"end":{"line":16,"column":41}},"4":{"start":{"line":17,"column":2},"end":{"line":19,"column":3}},"5":{"start":{"line":18,"column":4},"end":{"line":18,"column":38}},"6":{"start":{"line":20,"column":18},"end":{"line":31,"column":4}},"7":{"start":{"line":32,"column":2},"end":{"line":32,"column":17}},"8":{"start":{"line":35,"column":23},"end":{"line":44,"column":1}},"9":{"start":{"line":36,"column":17},"end":{"line":42,"column":4}},"10":{"start":{"line":43,"column":2},"end":{"line":43,"column":16}},"11":{"start":{"line":46,"column":22},"end":{"line":52,"column":1}},"12":{"start":{"line":47,"column":17},"end":{"line":50,"column":4}},"13":{"start":{"line":51,"column":2},"end":{"line":51,"column":16}},"14":{"start":{"line":54,"column":19},"end":{"line":57,"column":1}},"15":{"start":{"line":55,"column":21},"end":{"line":55,"column":69}},"16":{"start":{"line":56,"column":2},"end":{"line":56,"column":20}},"17":{"start":{"line":59,"column":22},"end":{"line":66,"column":1}},"18":{"start":{"line":60,"column":17},"end":{"line":64,"column":3}},"19":{"start":{"line":65,"column":2},"end":{"line":65,"column":16}},"20":{"start":{"line":68,"column":0},"end":{"line":74,"column":2}}},"fnMap":{"0":{"name":"(anonymous_0)","decl":{"start":{"line":3,"column":21},"end":{"line":3,"column":22}},"loc":{"start":{"line":3,"column":46},"end":{"line":33,"column":1}},"line":3},"1":{"name":"(anonymous_1)","decl":{"start":{"line":35,"column":23},"end":{"line":35,"column":24}},"loc":{"start":{"line":35,"column":52},"end":{"line":44,"column":1}},"line":35},"2":{"name":"(anonymous_2)","decl":{"start":{"line":46,"column":22},"end":{"line":46,"column":23}},"loc":{"start":{"line":46,"column":51},"end":{"line":52,"column":1}},"line":46},"3":{"name":"(anonymous_3)","decl":{"start":{"line":54,"column":19},"end":{"line":54,"column":20}},"loc":{"start":{"line":54,"column":43},"end":{"line":57,"column":1}},"line":54},"4":{"name":"(anonymous_4)","decl":{"start":{"line":59,"column":22},"end":{"line":59,"column":23}},"loc":{"start":{"line":59,"column":57},"end":{"line":66,"column":1}},"line":59}},"branchMap":{"0":{"loc":{"start":{"line":12,"column":4},"end":{"line":12,"column":19}},"type":"default-arg","locations":[{"start":{"line":12,"column":15},"end":{"line":12,"column":19}}],"line":12},"1":{"loc":{"start":{"line":13,"column":4},"end":{"line":13,"column":14}},"type":"default-arg","locations":[{"start":{"line":13,"column":12},"end":{"line":13,"column":14}}],"line":13},"2":{"loc":{"start":{"line":14,"column":4},"end":{"line":14,"column":14}},"type":"default-arg","locations":[{"start":{"line":14,"column":13},"end":{"line":14,"column":14}}],"line":14},"3":{"loc":{"start":{"line":17,"column":2},"end":{"line":19,"column":3}},"type":"if","locations":[{"start":{"line":17,"column":2},"end":{"line":19,"column":3}},{"start":{"line":17,"column":2},"end":{"line":19,"column":3}}],"line":17},"4":{"loc":{"start":{"line":24,"column":10},"end":{"line":24,"column":44}},"type":"cond-expr","locations":[{"start":{"line":24,"column":19},"end":{"line":24,"column":39}},{"start":{"line":24,"column":42},"end":{"line":24,"column":44}}],"line":24},"5":{"loc":{"start":{"line":25,"column":10},"end":{"line":25,"column":53}},"type":"cond-expr","locations":[{"start":{"line":25,"column":23},"end":{"line":25,"column":48}},{"start":{"line":25,"column":51},"end":{"line":25,"column":53}}],"line":25}},"s":{"0":2,"1":2,"2":1,"3":1,"4":1,"5":0,"6":1,"7":1,"8":2,"9":2,"10":2,"11":2,"12":0,"13":0,"14":2,"15":1,"16":1,"17":2,"18":0,"19":0,"20":2},"f":{"0":1,"1":2,"2":0,"3":1,"4":0},"b":{"0":[1],"1":[1],"2":[1],"3":[0,1],"4":[0,1],"5":[0,1]},"_coverageSchema":"1a1c01bbd47fc00a2c39e90264f33305004495a9","hash":"77ff29c4c81567cea549036da82147fa37569c65"}
,"D:\\Projects\\tutorial\\Tech skills\\nodejs-homework-my-rest-api\\repositories\\users.js": {"path":"D:\\Projects\\tutorial\\Tech skills\\nodejs-homework-my-rest-api\\repositories\\users.js","statementMap":{"0":{"start":{"line":1,"column":13},"end":{"line":1,"column":37}},"1":{"start":{"line":3,"column":21},"end":{"line":5,"column":1}},"2":{"start":{"line":4,"column":2},"end":{"line":4,"column":33}},"3":{"start":{"line":7,"column":24},"end":{"line":9,"column":1}},"4":{"start":{"line":8,"column":2},"end":{"line":8,"column":39}},"5":{"start":{"line":11,"column":19},"end":{"line":14,"column":1}},"6":{"start":{"line":12,"column":15},"end":{"line":12,"column":29}},"7":{"start":{"line":13,"column":2},"end":{"line":13,"column":27}},"8":{"start":{"line":16,"column":20},"end":{"line":18,"column":1}},"9":{"start":{"line":17,"column":2},"end":{"line":17,"column":54}},"10":{"start":{"line":20,"column":21},"end":{"line":22,"column":1}},"11":{"start":{"line":21,"column":2},"end":{"line":21,"column":70}},"12":{"start":{"line":24,"column":0},"end":{"line":30,"column":2}}},"fnMap":{"0":{"name":"(anonymous_0)","decl":{"start":{"line":3,"column":21},"end":{"line":3,"column":22}},"loc":{"start":{"line":3,"column":35},"end":{"line":5,"column":1}},"line":3},"1":{"name":"(anonymous_1)","decl":{"start":{"line":7,"column":24},"end":{"line":7,"column":25}},"loc":{"start":{"line":7,"column":41},"end":{"line":9,"column":1}},"line":7},"2":{"name":"(anonymous_2)","decl":{"start":{"line":11,"column":19},"end":{"line":11,"column":20}},"loc":{"start":{"line":11,"column":35},"end":{"line":14,"column":1}},"line":11},"3":{"name":"(anonymous_3)","decl":{"start":{"line":16,"column":20},"end":{"line":16,"column":21}},"loc":{"start":{"line":16,"column":41},"end":{"line":18,"column":1}},"line":16},"4":{"name":"(anonymous_4)","decl":{"start":{"line":20,"column":21},"end":{"line":20,"column":22}},"loc":{"start":{"line":20,"column":65},"end":{"line":22,"column":1}},"line":20}},"branchMap":{"0":{"loc":{"start":{"line":20,"column":40},"end":{"line":20,"column":60}},"type":"default-arg","locations":[{"start":{"line":20,"column":56},"end":{"line":20,"column":60}}],"line":20}},"s":{"0":2,"1":2,"2":4,"3":2,"4":0,"5":2,"6":0,"7":0,"8":2,"9":1,"10":2,"11":0,"12":2},"f":{"0":4,"1":0,"2":0,"3":1,"4":0},"b":{"0":[0]},"_coverageSchema":"1a1c01bbd47fc00a2c39e90264f33305004495a9","hash":"fe432fa1e83fbb9e13799d70d94fcc0248dedcc4"}
,"D:\\Projects\\tutorial\\Tech skills\\nodejs-homework-my-rest-api\\routes\\api\\index.js": {"path":"D:\\Projects\\tutorial\\Tech skills\\nodejs-homework-my-rest-api\\routes\\api\\index.js","statementMap":{"0":{"start":{"line":1,"column":16},"end":{"line":1,"column":34}},"1":{"start":{"line":2,"column":15},"end":{"line":2,"column":31}},"2":{"start":{"line":5,"column":0},"end":{"line":5,"column":41}},"3":{"start":{"line":6,"column":0},"end":{"line":6,"column":47}},"4":{"start":{"line":9,"column":0},"end":{"line":9,"column":24}}},"fnMap":{},"branchMap":{},"s":{"0":1,"1":1,"2":1,"3":1,"4":1},"f":{},"b":{},"_coverageSchema":"1a1c01bbd47fc00a2c39e90264f33305004495a9","hash":"b63d4e600f4d923041e33e2f53aeab05131d8931"}
,"D:\\Projects\\tutorial\\Tech skills\\nodejs-homework-my-rest-api\\routes\\api\\contacts\\index.js": {"path":"D:\\Projects\\tutorial\\Tech skills\\nodejs-homework-my-rest-api\\routes\\api\\contacts\\index.js","statementMap":{"0":{"start":{"line":1,"column":16},"end":{"line":1,"column":34}},"1":{"start":{"line":2,"column":15},"end":{"line":2,"column":31}},"2":{"start":{"line":3,"column":13},"end":{"line":3,"column":53}},"3":{"start":{"line":4,"column":14},"end":{"line":4,"column":47}},"4":{"start":{"line":11,"column":4},"end":{"line":11,"column":27}},"5":{"start":{"line":13,"column":0},"end":{"line":15,"column":59}},"6":{"start":{"line":17,"column":0},"end":{"line":26,"column":4}},"7":{"start":{"line":28,"column":0},"end":{"line":33,"column":2}},"8":{"start":{"line":35,"column":0},"end":{"line":35,"column":24}}},"fnMap":{},"branchMap":{},"s":{"0":1,"1":1,"2":1,"3":1,"4":1,"5":1,"6":1,"7":1,"8":1},"f":{},"b":{},"_coverageSchema":"1a1c01bbd47fc00a2c39e90264f33305004495a9","hash":"4a27db0713174921990f016929a4b2de198647ba"}
,"D:\\Projects\\tutorial\\Tech skills\\nodejs-homework-my-rest-api\\routes\\api\\contacts\\validation.js": {"path":"D:\\Projects\\tutorial\\Tech skills\\nodejs-homework-my-rest-api\\routes\\api\\contacts\\validation.js","statementMap":{"0":{"start":{"line":1,"column":12},"end":{"line":1,"column":26}},"1":{"start":{"line":2,"column":17},"end":{"line":2,"column":36}},"2":{"start":{"line":4,"column":25},"end":{"line":10,"column":2}},"3":{"start":{"line":12,"column":28},"end":{"line":18,"column":31}},"4":{"start":{"line":20,"column":34},"end":{"line":22,"column":2}},"5":{"start":{"line":24,"column":17},"end":{"line":34,"column":1}},"6":{"start":{"line":25,"column":2},"end":{"line":33,"column":3}},"7":{"start":{"line":26,"column":4},"end":{"line":26,"column":40}},"8":{"start":{"line":27,"column":4},"end":{"line":27,"column":11}},"9":{"start":{"line":29,"column":4},"end":{"line":32,"column":7}},"10":{"start":{"line":36,"column":0},"end":{"line":55,"column":2}},"11":{"start":{"line":38,"column":4},"end":{"line":38,"column":54}},"12":{"start":{"line":41,"column":4},"end":{"line":41,"column":57}},"13":{"start":{"line":44,"column":4},"end":{"line":44,"column":63}},"14":{"start":{"line":47,"column":4},"end":{"line":52,"column":5}},"15":{"start":{"line":48,"column":6},"end":{"line":51,"column":9}},"16":{"start":{"line":53,"column":4},"end":{"line":53,"column":11}}},"fnMap":{"0":{"name":"(anonymous_0)","decl":{"start":{"line":24,"column":17},"end":{"line":24,"column":18}},"loc":{"start":{"line":24,"column":50},"end":{"line":34,"column":1}},"line":24},"1":{"name":"(anonymous_1)","decl":{"start":{"line":37,"column":24},"end":{"line":37,"column":25}},"loc":{"start":{"line":37,"column":45},"end":{"line":39,"column":3}},"line":37},"2":{"name":"(anonymous_2)","decl":{"start":{"line":40,"column":27},"end":{"line":40,"column":28}},"loc":{"start":{"line":40,"column":48},"end":{"line":42,"column":3}},"line":40},"3":{"name":"(anonymous_3)","decl":{"start":{"line":43,"column":33},"end":{"line":43,"column":34}},"loc":{"start":{"line":43,"column":54},"end":{"line":45,"column":3}},"line":43},"4":{"name":"(anonymous_4)","decl":{"start":{"line":46,"column":19},"end":{"line":46,"column":20}},"loc":{"start":{"line":46,"column":40},"end":{"line":54,"column":3}},"line":46}},"branchMap":{"0":{"loc":{"start":{"line":47,"column":4},"end":{"line":52,"column":5}},"type":"if","locations":[{"start":{"line":47,"column":4},"end":{"line":52,"column":5}},{"start":{"line":47,"column":4},"end":{"line":52,"column":5}}],"line":47}},"s":{"0":1,"1":1,"2":1,"3":1,"4":1,"5":1,"6":1,"7":1,"8":1,"9":0,"10":1,"11":1,"12":0,"13":0,"14":2,"15":0,"16":2},"f":{"0":1,"1":1,"2":0,"3":0,"4":2},"b":{"0":[0,2]},"_coverageSchema":"1a1c01bbd47fc00a2c39e90264f33305004495a9","hash":"5cb0ade463ccee77805ea54fd21647d401a10a03"}
,"D:\\Projects\\tutorial\\Tech skills\\nodejs-homework-my-rest-api\\routes\\api\\users\\index.js": {"path":"D:\\Projects\\tutorial\\Tech skills\\nodejs-homework-my-rest-api\\routes\\api\\users\\index.js","statementMap":{"0":{"start":{"line":1,"column":16},"end":{"line":1,"column":34}},"1":{"start":{"line":2,"column":15},"end":{"line":2,"column":31}},"2":{"start":{"line":3,"column":13},"end":{"line":3,"column":50}},"3":{"start":{"line":4,"column":14},"end":{"line":4,"column":47}},"4":{"start":{"line":5,"column":15},"end":{"line":5,"column":49}},"5":{"start":{"line":7,"column":51},"end":{"line":7,"column":74}},"6":{"start":{"line":9,"column":0},"end":{"line":9,"column":55}},"7":{"start":{"line":10,"column":0},"end":{"line":10,"column":55}},"8":{"start":{"line":11,"column":0},"end":{"line":11,"column":43}},"9":{"start":{"line":13,"column":0},"end":{"line":13,"column":71}},"10":{"start":{"line":15,"column":0},"end":{"line":15,"column":44}},"11":{"start":{"line":17,"column":0},"end":{"line":17,"column":24}}},"fnMap":{},"branchMap":{},"s":{"0":1,"1":1,"2":1,"3":1,"4":1,"5":1,"6":1,"7":1,"8":1,"9":1,"10":1,"11":1},"f":{},"b":{},"_coverageSchema":"1a1c01bbd47fc00a2c39e90264f33305004495a9","hash":"5964af64f9276a62bc872b64689d593a24a2e7ee"}
,"D:\\Projects\\tutorial\\Tech skills\\nodejs-homework-my-rest-api\\routes\\api\\users\\validation.js": {"path":"D:\\Projects\\tutorial\\Tech skills\\nodejs-homework-my-rest-api\\routes\\api\\users\\validation.js","statementMap":{"0":{"start":{"line":1,"column":12},"end":{"line":1,"column":26}},"1":{"start":{"line":3,"column":22},"end":{"line":7,"column":2}},"2":{"start":{"line":9,"column":24},"end":{"line":12,"column":2}},"3":{"start":{"line":14,"column":17},"end":{"line":24,"column":1}},"4":{"start":{"line":15,"column":2},"end":{"line":23,"column":3}},"5":{"start":{"line":16,"column":4},"end":{"line":16,"column":40}},"6":{"start":{"line":17,"column":4},"end":{"line":17,"column":11}},"7":{"start":{"line":19,"column":4},"end":{"line":22,"column":7}},"8":{"start":{"line":26,"column":0},"end":{"line":33,"column":2}},"9":{"start":{"line":28,"column":4},"end":{"line":28,"column":51}},"10":{"start":{"line":31,"column":4},"end":{"line":31,"column":53}}},"fnMap":{"0":{"name":"(anonymous_0)","decl":{"start":{"line":14,"column":17},"end":{"line":14,"column":18}},"loc":{"start":{"line":14,"column":50},"end":{"line":24,"column":1}},"line":14},"1":{"name":"(anonymous_1)","decl":{"start":{"line":27,"column":21},"end":{"line":27,"column":22}},"loc":{"start":{"line":27,"column":42},"end":{"line":29,"column":3}},"line":27},"2":{"name":"(anonymous_2)","decl":{"start":{"line":30,"column":23},"end":{"line":30,"column":24}},"loc":{"start":{"line":30,"column":44},"end":{"line":32,"column":3}},"line":30}},"branchMap":{},"s":{"0":1,"1":1,"2":1,"3":1,"4":0,"5":0,"6":0,"7":0,"8":1,"9":0,"10":0},"f":{"0":0,"1":0,"2":0},"b":{},"_coverageSchema":"1a1c01bbd47fc00a2c39e90264f33305004495a9","hash":"b7b20d5e6e541c151b3d514b893214f6e22c272e"}
,"D:\\Projects\\tutorial\\Tech skills\\nodejs-homework-my-rest-api\\services\\cloud-upload.js": {"path":"D:\\Projects\\tutorial\\Tech skills\\nodejs-homework-my-rest-api\\services\\cloud-upload.js","statementMap":{"0":{"start":{"line":1,"column":19},"end":{"line":1,"column":43}},"1":{"start":{"line":2,"column":22},"end":{"line":2,"column":37}},"2":{"start":{"line":3,"column":0},"end":{"line":3,"column":27}},"3":{"start":{"line":5,"column":0},"end":{"line":9,"column":3}},"4":{"start":{"line":11,"column":20},"end":{"line":11,"column":57}},"5":{"start":{"line":18,"column":8},"end":{"line":22,"column":6}},"6":{"start":{"line":23,"column":4},"end":{"line":23,"column":40}},"7":{"start":{"line":27,"column":0},"end":{"line":27,"column":31}}},"fnMap":{"0":{"name":"(anonymous_0)","decl":{"start":{"line":14,"column":2},"end":{"line":14,"column":3}},"loc":{"start":{"line":14,"column":47},"end":{"line":24,"column":3}},"line":14}},"branchMap":{},"s":{"0":1,"1":1,"2":1,"3":1,"4":1,"5":0,"6":0,"7":1},"f":{"0":0},"b":{},"_coverageSchema":"1a1c01bbd47fc00a2c39e90264f33305004495a9","hash":"1c7342d65515337be36197934e3d81d3f7763380"}
,"D:\\Projects\\tutorial\\Tech skills\\nodejs-homework-my-rest-api\\test\\data\\data.js": {"path":"D:\\Projects\\tutorial\\Tech skills\\nodejs-homework-my-rest-api\\test\\data\\data.js","statementMap":{"0":{"start":{"line":1,"column":19},"end":{"line":5,"column":1}},"1":{"start":{"line":7,"column":16},"end":{"line":11,"column":1}},"2":{"start":{"line":13,"column":20},"end":{"line":17,"column":1}},"3":{"start":{"line":19,"column":0},"end":{"line":19,"column":54}}},"fnMap":{},"branchMap":{},"s":{"0":1,"1":1,"2":1,"3":1},"f":{},"b":{},"_coverageSchema":"1a1c01bbd47fc00a2c39e90264f33305004495a9","hash":"320e728696f0cf1feb05b68fefb5c9030781bf19"}
}
