TN:
SF:app.js
FN:28,(anonymous_0)
FN:34,(anonymous_1)
FN:43,(anonymous_2)
FNF:3
FNH:0
FNDA:0,(anonymous_0)
FNDA:0,(anonymous_1)
FNDA:0,(anonymous_2)
DA:1,1
DA:2,1
DA:3,1
DA:4,1
DA:5,1
DA:6,1
DA:7,1
DA:8,1
DA:9,1
DA:11,1
DA:13,1
DA:15,1
DA:17,1
DA:18,1
DA:19,1
DA:20,1
DA:21,1
DA:22,1
DA:24,1
DA:26,1
DA:28,1
DA:29,0
DA:34,1
DA:35,0
DA:36,0
DA:43,1
DA:44,0
DA:47,1
LF:28
LH:24
BRDA:15,0,0,0
BRDA:15,0,1,1
BRDA:19,1,0,1
BRDA:19,1,1,1
BRDA:35,2,0,0
BRDA:35,2,1,0
BRDA:37,3,0,0
BRDA:37,3,1,0
BRF:8
BRH:3
end_of_record
TN:
SF:config\passport.js
FN:13,(anonymous_0)
FNF:1
FNH:1
FNDA:4,(anonymous_0)
DA:1,2
DA:2,2
DA:3,2
DA:4,2
DA:6,2
DA:8,2
DA:9,2
DA:10,2
DA:12,2
DA:14,4
DA:15,4
DA:16,4
DA:17,0
DA:19,4
DA:20,0
DA:22,4
DA:24,0
LF:17
LH:14
BRDA:16,0,0,0
BRDA:16,0,1,4
BRDA:19,1,0,0
BRDA:19,1,1,4
BRF:4
BRH:2
end_of_record
TN:
SF:controllers\contacts.js
FN:3,(anonymous_0)
FN:20,(anonymous_1)
FN:35,(anonymous_2)
FN:47,(anonymous_3)
FN:65,(anonymous_4)
FNF:5
FNH:4
FNDA:1,(anonymous_0)
FNDA:2,(anonymous_1)
FNDA:1,(anonymous_2)
FNDA:0,(anonymous_3)
FNDA:3,(anonymous_4)
DA:1,2
DA:3,2
DA:4,1
DA:5,1
DA:6,1
DA:10,1
DA:16,0
DA:20,2
DA:21,2
DA:22,2
DA:23,2
DA:24,2
DA:25,1
DA:27,1
DA:31,0
DA:35,2
DA:36,1
DA:37,1
DA:38,1
DA:39,1
DA:43,0
DA:47,2
DA:48,0
DA:49,0
DA:50,0
DA:51,0
DA:52,0
DA:59,0
DA:61,0
DA:65,2
DA:66,3
DA:67,3
DA:68,3
DA:73,2
DA:74,1
DA:80,1
DA:84,1
DA:88,2
LF:38
LH:28
BRDA:24,0,0,1
BRDA:24,0,1,1
BRDA:51,1,0,0
BRDA:51,1,1,0
BRDA:73,2,0,1
BRDA:73,2,1,1
BRF:6
BRH:4
end_of_record
TN:
SF:controllers\users.js
FN:12,(anonymous_0)
FN:37,(anonymous_1)
FN:61,(anonymous_2)
FN:71,(anonymous_3)
FN:118,(anonymous_4)
FNF:5
FNH:0
FNDA:0,(anonymous_0)
FNDA:0,(anonymous_1)
FNDA:0,(anonymous_2)
FNDA:0,(anonymous_3)
FNDA:0,(anonymous_4)
DA:1,1
DA:2,1
DA:3,1
DA:4,1
DA:6,1
DA:8,1
DA:10,1
DA:12,1
DA:13,0
DA:14,0
DA:15,0
DA:16,0
DA:22,0
DA:26,0
DA:32,0
DA:33,0
DA:37,1
DA:38,0
DA:39,0
DA:40,0
DA:41,0
DA:42,0
DA:43,0
DA:50,0
DA:51,0
DA:52,0
DA:54,0
DA:55,0
DA:57,0
DA:61,1
DA:62,0
DA:63,0
DA:64,0
DA:65,0
DA:67,0
DA:71,1
DA:72,0
DA:73,0
DA:74,0
DA:75,0
DA:82,0
DA:84,0
DA:90,0
DA:91,0
DA:118,1
DA:119,0
DA:120,0
DA:121,0
DA:122,0
DA:127,0
DA:129,0
DA:130,0
DA:132,0
DA:136,1
LF:54
LH:13
BRDA:15,0,0,0
BRDA:15,0,1,0
BRDA:41,1,0,0
BRDA:41,1,1,0
BRDA:41,2,0,0
BRDA:41,2,1,0
BRDA:74,3,0,0
BRDA:74,3,1,0
BRF:8
BRH:0
end_of_record
TN:
SF:helpers\constants.js
FN:23,(anonymous_0)
FNF:1
FNH:0
FNDA:0,(anonymous_0)
DA:1,2
DA:7,2
DA:20,2
DA:24,0
DA:32,2
LF:5
LH:4
BRF:0
BRH:0
end_of_record
TN:
SF:helpers\guard.js
FN:5,(anonymous_0)
FN:6,(anonymous_1)
FNF:2
FNH:2
FNDA:7,(anonymous_0)
FNDA:7,(anonymous_1)
DA:1,2
DA:2,2
DA:3,2
DA:5,2
DA:6,7
DA:7,7
DA:8,7
DA:9,7
DA:10,7
DA:12,7
DA:13,2
DA:19,5
DA:20,5
DA:24,2
LF:14
LH:14
BRDA:9,0,0,7
BRDA:9,0,1,0
BRDA:12,1,0,2
BRDA:12,1,1,5
BRDA:12,2,0,7
BRDA:12,2,1,7
BRDA:12,2,2,6
BRF:7
BRH:6
end_of_record
TN:
SF:helpers\upload.js
FN:7,(anonymous_0)
FN:10,(anonymous_1)
FN:18,(anonymous_2)
FNF:3
FNH:0
FNDA:0,(anonymous_0)
FNDA:0,(anonymous_1)
FNDA:0,(anonymous_2)
DA:1,1
DA:3,1
DA:4,1
DA:6,1
DA:8,0
DA:11,0
DA:15,1
DA:19,0
DA:20,0
DA:21,0
DA:23,0
DA:24,0
DA:25,0
DA:28,1
LF:14
LH:6
BRDA:19,0,0,0
BRDA:19,0,1,0
BRF:2
BRH:0
end_of_record
TN:
SF:model\contact.js
FN:30,(anonymous_0)
FN:39,(anonymous_1)
FNF:2
FNH:2
FNDA:2,(anonymous_0)
FNDA:2,(anonymous_1)
DA:1,2
DA:2,2
DA:4,2
DA:31,2
DA:32,2
DA:39,2
DA:40,2
DA:43,2
DA:45,2
DA:47,2
LF:10
LH:10
BRF:0
BRH:0
end_of_record
TN:
SF:model\db.js
FN:21,(anonymous_0)
FN:25,(anonymous_1)
FN:29,(anonymous_2)
FN:34,(anonymous_3)
FN:35,(anonymous_4)
FNF:5
FNH:2
FNDA:1,(anonymous_0)
FNDA:0,(anonymous_1)
FNDA:1,(anonymous_2)
FNDA:0,(anonymous_3)
FNDA:0,(anonymous_4)
DA:1,1
DA:2,1
DA:4,1
DA:6,1
DA:7,0
DA:9,1
DA:12,1
DA:20,1
DA:21,1
DA:22,1
DA:25,1
DA:26,0
DA:29,1
DA:30,1
DA:34,1
DA:35,0
DA:36,0
DA:37,0
DA:41,1
LF:19
LH:14
BRDA:6,0,0,0
BRDA:6,0,1,1
BRDA:20,1,0,1
BRDA:20,1,1,0
BRF:4
BRH:2
end_of_record
TN:
SF:model\user.js
FN:13,(anonymous_0)
FN:33,(anonymous_1)
FN:48,(anonymous_2)
FN:56,(anonymous_3)
FNF:4
FNH:2
FNDA:1,(anonymous_0)
FNDA:0,(anonymous_1)
FNDA:1,(anonymous_2)
FNDA:0,(anonymous_3)
DA:1,2
DA:2,2
DA:3,2
DA:4,2
DA:5,2
DA:7,2
DA:14,1
DA:15,1
DA:34,0
DA:48,2
DA:49,1
DA:50,1
DA:51,1
DA:53,1
DA:56,2
DA:57,0
DA:60,2
DA:62,2
LF:18
LH:16
BRDA:49,0,0,1
BRDA:49,0,1,0
BRF:2
BRH:1
end_of_record
TN:
SF:repositories\contacts.js
FN:3,(anonymous_0)
FN:35,(anonymous_1)
FN:46,(anonymous_2)
FN:54,(anonymous_3)
FN:59,(anonymous_4)
FNF:5
FNH:3
FNDA:1,(anonymous_0)
FNDA:2,(anonymous_1)
FNDA:0,(anonymous_2)
FNDA:1,(anonymous_3)
FNDA:0,(anonymous_4)
DA:1,2
DA:3,2
DA:15,1
DA:16,1
DA:17,1
DA:18,0
DA:20,1
DA:32,1
DA:35,2
DA:36,2
DA:43,2
DA:46,2
DA:47,0
DA:51,0
DA:54,2
DA:55,1
DA:56,1
DA:59,2
DA:60,0
DA:65,0
DA:68,2
LF:21
LH:16
BRDA:12,0,0,1
BRDA:13,1,0,1
BRDA:14,2,0,1
BRDA:17,3,0,0
BRDA:17,3,1,1
BRDA:24,4,0,0
BRDA:24,4,1,1
BRDA:25,5,0,0
BRDA:25,5,1,1
BRF:9
BRH:6
end_of_record
TN:
SF:repositories\users.js
FN:3,(anonymous_0)
FN:7,(anonymous_1)
FN:11,(anonymous_2)
FN:16,(anonymous_3)
FN:20,(anonymous_4)
FNF:5
FNH:2
FNDA:4,(anonymous_0)
FNDA:0,(anonymous_1)
FNDA:0,(anonymous_2)
FNDA:1,(anonymous_3)
FNDA:0,(anonymous_4)
DA:1,2
DA:3,2
DA:4,4
DA:7,2
DA:8,0
DA:11,2
DA:12,0
DA:13,0
DA:16,2
DA:17,1
DA:20,2
DA:21,0
DA:24,2
LF:13
LH:9
BRDA:20,0,0,0
BRF:1
BRH:0
end_of_record
TN:
SF:routes\api\index.js
FNF:0
FNH:0
DA:1,1
DA:2,1
DA:5,1
DA:6,1
DA:9,1
LF:5
LH:5
BRF:0
BRH:0
end_of_record
TN:
SF:routes\api\contacts\index.js
FNF:0
FNH:0
DA:1,1
DA:2,1
DA:3,1
DA:4,1
DA:11,1
DA:13,1
DA:17,1
DA:28,1
DA:35,1
LF:9
LH:9
BRF:0
BRH:0
end_of_record
TN:
SF:routes\api\contacts\validation.js
FN:24,(anonymous_0)
FN:37,(anonymous_1)
FN:40,(anonymous_2)
FN:43,(anonymous_3)
FN:46,(anonymous_4)
FNF:5
FNH:3
FNDA:1,(anonymous_0)
FNDA:1,(anonymous_1)
FNDA:0,(anonymous_2)
FNDA:0,(anonymous_3)
FNDA:2,(anonymous_4)
DA:1,1
DA:2,1
DA:4,1
DA:12,1
DA:20,1
DA:24,1
DA:25,1
DA:26,1
DA:27,1
DA:29,0
DA:36,1
DA:38,1
DA:41,0
DA:44,0
DA:47,2
DA:48,0
DA:53,2
LF:17
LH:13
BRDA:47,0,0,0
BRDA:47,0,1,2
BRF:2
BRH:1
end_of_record
TN:
SF:routes\api\users\index.js
FNF:0
FNH:0
DA:1,1
DA:2,1
DA:3,1
DA:4,1
DA:5,1
DA:7,1
DA:9,1
DA:10,1
DA:11,1
DA:13,1
DA:15,1
DA:17,1
LF:12
LH:12
BRF:0
BRH:0
end_of_record
TN:
SF:routes\api\users\validation.js
FN:14,(anonymous_0)
FN:27,(anonymous_1)
FN:30,(anonymous_2)
FNF:3
FNH:0
FNDA:0,(anonymous_0)
FNDA:0,(anonymous_1)
FNDA:0,(anonymous_2)
DA:1,1
DA:3,1
DA:9,1
DA:14,1
DA:15,0
DA:16,0
DA:17,0
DA:19,0
DA:26,1
DA:28,0
DA:31,0
LF:11
LH:5
BRF:0
BRH:0
end_of_record
TN:
SF:services\cloud-upload.js
FN:14,(anonymous_0)
FNF:1
FNH:0
FNDA:0,(anonymous_0)
DA:1,1
DA:2,1
DA:3,1
DA:5,1
DA:11,1
DA:18,0
DA:23,0
DA:27,1
LF:8
LH:6
BRF:0
BRH:0
end_of_record
TN:
SF:test\data\data.js
FNF:0
FNH:0
DA:1,1
DA:7,1
DA:13,1
DA:19,1
LF:4
LH:4
BRF:0
BRH:0
end_of_record
