TN:
SF:app.js
FN:28,(anonymous_0)
FN:34,(anonymous_1)
FN:43,(anonymous_2)
FNF:3
FNH:0
FNDA:0,(anonymous_0)
FNDA:0,(anonymous_1)
FNDA:0,(anonymous_2)
DA:1,2
DA:2,2
DA:3,2
DA:4,2
DA:5,2
DA:6,2
DA:7,2
DA:8,2
DA:9,2
DA:11,2
DA:13,2
DA:15,2
DA:17,2
DA:18,2
DA:19,2
DA:20,2
DA:21,2
DA:22,2
DA:24,2
DA:26,2
DA:28,2
DA:29,0
DA:34,2
DA:35,0
DA:36,0
DA:43,2
DA:44,0
DA:47,2
LF:28
LH:24
BRDA:15,0,0,0
BRDA:15,0,1,2
BRDA:19,1,0,2
BRDA:19,1,1,2
BRDA:35,2,0,0
BRDA:35,2,1,0
BRDA:37,3,0,0
BRDA:37,3,1,0
BRF:8
BRH:3
end_of_record
TN:
SF:config\passport.js
FN:13,(anonymous_0)
FNF:1
FNH:1
FNDA:5,(anonymous_0)
DA:1,3
DA:2,3
DA:3,3
DA:4,3
DA:6,3
DA:8,3
DA:9,3
DA:10,3
DA:12,3
DA:14,5
DA:15,5
DA:16,5
DA:17,0
DA:19,5
DA:20,0
DA:22,5
DA:24,0
LF:17
LH:14
BRDA:16,0,0,0
BRDA:16,0,1,5
BRDA:19,1,0,0
BRDA:19,1,1,5
BRF:4
BRH:2
end_of_record
TN:
SF:controllers\contacts.js
FN:3,(anonymous_0)
FN:20,(anonymous_1)
FN:35,(anonymous_2)
FN:47,(anonymous_3)
FN:65,(anonymous_4)
FNF:5
FNH:4
FNDA:1,(anonymous_0)
FNDA:2,(anonymous_1)
FNDA:1,(anonymous_2)
FNDA:0,(anonymous_3)
FNDA:3,(anonymous_4)
DA:1,3
DA:3,3
DA:4,1
DA:5,1
DA:6,1
DA:10,1
DA:16,0
DA:20,3
DA:21,2
DA:22,2
DA:23,2
DA:24,2
DA:25,1
DA:27,1
DA:31,0
DA:35,3
DA:36,1
DA:37,1
DA:38,1
DA:39,1
DA:43,0
DA:47,3
DA:48,0
DA:49,0
DA:50,0
DA:51,0
DA:52,0
DA:59,0
DA:61,0
DA:65,3
DA:66,3
DA:67,3
DA:68,3
DA:73,2
DA:74,1
DA:80,1
DA:84,1
DA:88,3
LF:38
LH:28
BRDA:24,0,0,1
BRDA:24,0,1,1
BRDA:51,1,0,0
BRDA:51,1,1,0
BRDA:73,2,0,1
BRDA:73,2,1,1
BRF:6
BRH:4
end_of_record
TN:
SF:controllers\users.js
FN:12,(anonymous_0)
FN:37,(anonymous_1)
FN:61,(anonymous_2)
FN:71,(anonymous_3)
FN:118,(anonymous_4)
FNF:5
FNH:3
FNDA:2,(anonymous_0)
FNDA:1,(anonymous_1)
FNDA:0,(anonymous_2)
FNDA:0,(anonymous_3)
FNDA:1,(anonymous_4)
DA:1,2
DA:2,2
DA:3,2
DA:4,2
DA:6,2
DA:8,2
DA:10,2
DA:12,2
DA:13,2
DA:14,2
DA:15,2
DA:16,1
DA:22,1
DA:26,1
DA:32,0
DA:33,0
DA:37,2
DA:38,1
DA:39,1
DA:40,1
DA:41,1
DA:42,0
DA:43,0
DA:50,1
DA:51,1
DA:52,1
DA:54,1
DA:55,1
DA:57,0
DA:61,2
DA:62,0
DA:63,0
DA:64,0
DA:65,0
DA:67,0
DA:71,2
DA:72,0
DA:73,0
DA:74,0
DA:75,0
DA:82,0
DA:84,0
DA:90,0
DA:91,0
DA:118,2
DA:119,1
DA:120,1
DA:121,1
DA:122,1
DA:127,1
DA:129,1
DA:130,1
DA:132,0
DA:136,2
LF:54
LH:35
BRDA:15,0,0,1
BRDA:15,0,1,1
BRDA:41,1,0,0
BRDA:41,1,1,1
BRDA:41,2,0,1
BRDA:41,2,1,1
BRDA:74,3,0,0
BRDA:74,3,1,0
BRF:8
BRH:5
end_of_record
TN:
SF:helpers\constants.js
FN:23,(anonymous_0)
FNF:1
FNH:0
FNDA:0,(anonymous_0)
DA:1,3
DA:7,3
DA:20,3
DA:24,0
DA:32,3
LF:5
LH:4
BRF:0
BRH:0
end_of_record
TN:
SF:helpers\guard.js
FN:5,(anonymous_0)
FN:6,(anonymous_1)
FNF:2
FNH:2
FNDA:8,(anonymous_0)
FNDA:8,(anonymous_1)
DA:1,3
DA:2,3
DA:3,3
DA:5,3
DA:6,8
DA:7,8
DA:8,8
DA:9,8
DA:10,8
DA:12,8
DA:13,2
DA:19,6
DA:20,6
DA:24,3
LF:14
LH:14
BRDA:9,0,0,8
BRDA:9,0,1,0
BRDA:12,1,0,2
BRDA:12,1,1,6
BRDA:12,2,0,8
BRDA:12,2,1,8
BRDA:12,2,2,7
BRF:7
BRH:6
end_of_record
TN:
SF:helpers\upload.js
FN:7,(anonymous_0)
FN:10,(anonymous_1)
FN:18,(anonymous_2)
FNF:3
FNH:3
FNDA:1,(anonymous_0)
FNDA:1,(anonymous_1)
FNDA:1,(anonymous_2)
DA:1,2
DA:3,2
DA:4,2
DA:6,2
DA:8,1
DA:11,1
DA:15,2
DA:19,1
DA:20,1
DA:21,1
DA:23,0
DA:24,0
DA:25,0
DA:28,2
LF:14
LH:11
BRDA:19,0,0,1
BRDA:19,0,1,0
BRF:2
BRH:1
end_of_record
TN:
SF:model\contact.js
FN:30,(anonymous_0)
FN:39,(anonymous_1)
FNF:2
FNH:2
FNDA:2,(anonymous_0)
FNDA:2,(anonymous_1)
DA:1,3
DA:2,3
DA:4,3
DA:31,2
DA:32,2
DA:39,3
DA:40,2
DA:43,3
DA:45,3
DA:47,3
LF:10
LH:10
BRF:0
BRH:0
end_of_record
TN:
SF:model\db.js
FN:21,(anonymous_0)
FN:25,(anonymous_1)
FN:29,(anonymous_2)
FN:34,(anonymous_3)
FN:35,(anonymous_4)
FNF:5
FNH:2
FNDA:2,(anonymous_0)
FNDA:0,(anonymous_1)
FNDA:2,(anonymous_2)
FNDA:0,(anonymous_3)
FNDA:0,(anonymous_4)
DA:1,2
DA:2,2
DA:4,2
DA:6,2
DA:7,0
DA:9,2
DA:12,2
DA:20,2
DA:21,2
DA:22,2
DA:25,2
DA:26,0
DA:29,2
DA:30,2
DA:34,2
DA:35,0
DA:36,0
DA:37,0
DA:41,2
LF:19
LH:14
BRDA:6,0,0,0
BRDA:6,0,1,2
BRDA:20,1,0,2
BRDA:20,1,1,0
BRF:4
BRH:2
end_of_record
TN:
SF:model\user.js
FN:13,(anonymous_0)
FN:33,(anonymous_1)
FN:48,(anonymous_2)
FN:56,(anonymous_3)
FNF:4
FNH:3
FNDA:2,(anonymous_0)
FNDA:0,(anonymous_1)
FNDA:2,(anonymous_2)
FNDA:1,(anonymous_3)
DA:1,3
DA:2,3
DA:3,3
DA:4,3
DA:5,3
DA:7,3
DA:14,2
DA:15,2
DA:34,0
DA:48,3
DA:49,2
DA:50,2
DA:51,2
DA:53,2
DA:56,3
DA:57,1
DA:60,3
DA:62,3
LF:18
LH:17
BRDA:49,0,0,2
BRDA:49,0,1,0
BRF:2
BRH:1
end_of_record
TN:
SF:repositories\contacts.js
FN:3,(anonymous_0)
FN:35,(anonymous_1)
FN:46,(anonymous_2)
FN:54,(anonymous_3)
FN:59,(anonymous_4)
FNF:5
FNH:3
FNDA:1,(anonymous_0)
FNDA:2,(anonymous_1)
FNDA:0,(anonymous_2)
FNDA:1,(anonymous_3)
FNDA:0,(anonymous_4)
DA:1,3
DA:3,3
DA:15,1
DA:16,1
DA:17,1
DA:18,0
DA:20,1
DA:32,1
DA:35,3
DA:36,2
DA:43,2
DA:46,3
DA:47,0
DA:51,0
DA:54,3
DA:55,1
DA:56,1
DA:59,3
DA:60,0
DA:65,0
DA:68,3
LF:21
LH:16
BRDA:12,0,0,1
BRDA:13,1,0,1
BRDA:14,2,0,1
BRDA:17,3,0,0
BRDA:17,3,1,1
BRDA:24,4,0,0
BRDA:24,4,1,1
BRDA:25,5,0,0
BRDA:25,5,1,1
BRF:9
BRH:6
end_of_record
TN:
SF:repositories\users.js
FN:3,(anonymous_0)
FN:7,(anonymous_1)
FN:11,(anonymous_2)
FN:16,(anonymous_3)
FN:20,(anonymous_4)
FNF:5
FNH:5
FNDA:5,(anonymous_0)
FNDA:3,(anonymous_1)
FNDA:1,(anonymous_2)
FNDA:2,(anonymous_3)
FNDA:1,(anonymous_4)
DA:1,3
DA:3,3
DA:4,5
DA:7,3
DA:8,3
DA:11,3
DA:12,1
DA:13,1
DA:16,3
DA:17,2
DA:20,3
DA:21,1
DA:24,3
LF:13
LH:13
BRDA:20,0,0,0
BRF:1
BRH:0
end_of_record
TN:
SF:routes\api\index.js
FNF:0
FNH:0
DA:1,2
DA:2,2
DA:5,2
DA:6,2
DA:9,2
LF:5
LH:5
BRF:0
BRH:0
end_of_record
TN:
SF:routes\api\contacts\index.js
FNF:0
FNH:0
DA:1,2
DA:2,2
DA:3,2
DA:4,2
DA:11,2
DA:13,2
DA:17,2
DA:28,2
DA:35,2
LF:9
LH:9
BRF:0
BRH:0
end_of_record
TN:
SF:routes\api\contacts\validation.js
FN:24,(anonymous_0)
FN:37,(anonymous_1)
FN:40,(anonymous_2)
FN:43,(anonymous_3)
FN:46,(anonymous_4)
FNF:5
FNH:3
FNDA:1,(anonymous_0)
FNDA:1,(anonymous_1)
FNDA:0,(anonymous_2)
FNDA:0,(anonymous_3)
FNDA:2,(anonymous_4)
DA:1,2
DA:2,2
DA:4,2
DA:12,2
DA:20,2
DA:24,2
DA:25,1
DA:26,1
DA:27,1
DA:29,0
DA:36,2
DA:38,1
DA:41,0
DA:44,0
DA:47,2
DA:48,0
DA:53,2
LF:17
LH:13
BRDA:47,0,0,0
BRDA:47,0,1,2
BRF:2
BRH:1
end_of_record
TN:
SF:routes\api\users\index.js
FNF:0
FNH:0
DA:1,2
DA:2,2
DA:3,2
DA:4,2
DA:5,2
DA:7,2
DA:9,2
DA:10,2
DA:11,2
DA:13,2
DA:15,2
DA:17,2
LF:12
LH:12
BRF:0
BRH:0
end_of_record
TN:
SF:routes\api\users\validation.js
FN:14,(anonymous_0)
FN:27,(anonymous_1)
FN:30,(anonymous_2)
FNF:3
FNH:2
FNDA:2,(anonymous_0)
FNDA:2,(anonymous_1)
FNDA:0,(anonymous_2)
DA:1,2
DA:3,2
DA:14,2
DA:15,2
DA:16,2
DA:17,2
DA:19,0
DA:26,2
DA:28,2
DA:31,0
LF:10
LH:8
BRF:0
BRH:0
end_of_record
TN:
SF:services\cloud-upload.js
FN:14,(anonymous_0)
FNF:1
FNH:1
FNDA:1,(anonymous_0)
DA:1,2
DA:2,2
DA:3,2
DA:5,2
DA:11,2
DA:18,1
DA:23,1
DA:27,2
LF:8
LH:8
BRF:0
BRH:0
end_of_record
TN:
SF:test\data\data.js
FNF:0
FNH:0
DA:1,2
DA:7,2
DA:13,2
DA:19,2
LF:4
LH:4
BRF:0
BRH:0
end_of_record
